2025-06-22 14:09:29,816 - DAVBest - ERROR - Invalid UUID string encountered during decoding: not-a-uuid - badly formed hexadecimal UUID string
2025-06-22 14:09:45,653 - DAVBest - ERROR - Invalid UUID string encountered during decoding: not-a-uuid - badly formed hexadecimal UUID string
2025-06-22 14:10:28,017 - DAVBest - ERROR - Invalid UUID string encountered during decoding: not-a-uuid - badly formed hexadecimal UUID string
2025-06-22 14:10:37,221 - DAVBest - ERROR - Invalid UUID string encountered during decoding: =============================================================== - badly formed hexadecimal UUID string
2025-06-22 14:11:01,302 - DAVBest - INFO - Initialized WebDAV analyzer with client ID: bcdd26a53a33
2025-06-22 14:11:01,303 - DAVBest - INFO - Target URL: http://localhost:12345/webdav
2025-06-22 14:11:01,306 - DAVBest - ERROR - Failed to check WebDAV support: HTTPConnectionPool(host='localhost', port=12345): Max retries exceeded with url: /webdav (Caused by NewConnectionError('<urllib3.connection.HTTPConnection object at 0x7f0390aadfd0>: Failed to establish a new connection: [Errno 111] Connection refused'))
2025-06-22 14:11:01,309 - DAVBest - ERROR - Platform detection failed: HTTPConnectionPool(host='localhost', port=12345): Max retries exceeded with url: /webdav (Caused by NewConnectionError('<urllib3.connection.HTTPConnection object at 0x7f0390aaf320>: Failed to establish a new connection: [Errno 111] Connection refused'))
2025-06-22 14:11:01,314 - DAVBest - INFO - Testing path: bcdd26a53a33_test_file (Full URL: http://localhost:12345/testfiles/bcdd26a53a33_test_file)
2025-06-22 14:11:01,314 - DAVBest - INFO - Encoded base script for UUID payload (90 bytes) into 6 UUIDs for Unknown platform.
2025-06-22 14:11:01,314 - DAVBest - WARNING - UUID payload selected for platform 'Unknown', but no specific script wrapper (ASP/PHP). Defaulting to raw UUID list within a text file.
2025-06-22 14:11:01,316 - DAVBest - ERROR - Request error testing path bcdd26a53a33_test_file.txt: HTTPConnectionPool(host='localhost', port=12345): Max retries exceeded with url: /testfiles/bcdd26a53a33_test_file.txt (Caused by NewConnectionError('<urllib3.connection.HTTPConnection object at 0x7f0390ac05f0>: Failed to establish a new connection: [Errno 111] Connection refused'))
2025-06-22 14:11:01,318 - DAVBest - INFO - Testing path: bcdd26a53a33_../test_file (Full URL: http://localhost:12345/testfiles/bcdd26a53a33_../test_file)
2025-06-22 14:11:01,318 - DAVBest - INFO - Encoded base script for UUID payload (91 bytes) into 6 UUIDs for Unknown platform.
2025-06-22 14:11:01,318 - DAVBest - WARNING - UUID payload selected for platform 'Unknown', but no specific script wrapper (ASP/PHP). Defaulting to raw UUID list within a text file.
2025-06-22 14:11:01,320 - DAVBest - ERROR - Request error testing path bcdd26a53a33_../test_file.txt: HTTPConnectionPool(host='localhost', port=12345): Max retries exceeded with url: /testfiles/bcdd26a53a33_../test_file.txt (Caused by NewConnectionError('<urllib3.connection.HTTPConnection object at 0x7f0390aaecf0>: Failed to establish a new connection: [Errno 111] Connection refused'))
2025-06-22 14:11:01,322 - DAVBest - INFO - Testing path: bcdd26a53a33_../../test_file (Full URL: http://localhost:12345/testfiles/test_file)
2025-06-22 14:11:01,322 - DAVBest - INFO - Encoded base script for UUID payload (91 bytes) into 6 UUIDs for Unknown platform.
2025-06-22 14:11:01,322 - DAVBest - WARNING - UUID payload selected for platform 'Unknown', but no specific script wrapper (ASP/PHP). Defaulting to raw UUID list within a text file.
2025-06-22 14:11:01,323 - DAVBest - ERROR - Request error testing path bcdd26a53a33_../../test_file.txt: HTTPConnectionPool(host='localhost', port=12345): Max retries exceeded with url: /testfiles/test_file.txt (Caused by NewConnectionError('<urllib3.connection.HTTPConnection object at 0x7f0390ac0fe0>: Failed to establish a new connection: [Errno 111] Connection refused'))
2025-06-22 14:11:01,325 - DAVBest - INFO - Testing path: bcdd26a53a33_%252e%252e/test_file (Full URL: http://localhost:12345/testfiles/bcdd26a53a33_%252e%252e/test_file)
2025-06-22 14:11:01,325 - DAVBest - INFO - Encoded base script for UUID payload (91 bytes) into 6 UUIDs for Unknown platform.
2025-06-22 14:11:01,326 - DAVBest - WARNING - UUID payload selected for platform 'Unknown', but no specific script wrapper (ASP/PHP). Defaulting to raw UUID list within a text file.
2025-06-22 14:11:01,327 - DAVBest - ERROR - Request error testing path bcdd26a53a33_%252e%252e/test_file.txt: HTTPConnectionPool(host='localhost', port=12345): Max retries exceeded with url: /testfiles/bcdd26a53a33_%252e%252e/test_file.txt (Caused by NewConnectionError('<urllib3.connection.HTTPConnection object at 0x7f0390ac1550>: Failed to establish a new connection: [Errno 111] Connection refused'))
2025-06-22 14:11:01,329 - DAVBest - INFO - Testing path: bcdd26a53a33_./test_file (Full URL: http://localhost:12345/testfiles/bcdd26a53a33_./test_file)
2025-06-22 14:11:01,329 - DAVBest - INFO - Encoded base script for UUID payload (91 bytes) into 6 UUIDs for Unknown platform.
2025-06-22 14:11:01,329 - DAVBest - WARNING - UUID payload selected for platform 'Unknown', but no specific script wrapper (ASP/PHP). Defaulting to raw UUID list within a text file.
2025-06-22 14:11:01,331 - DAVBest - ERROR - Request error testing path bcdd26a53a33_./test_file.txt: HTTPConnectionPool(host='localhost', port=12345): Max retries exceeded with url: /testfiles/bcdd26a53a33_./test_file.txt (Caused by NewConnectionError('<urllib3.connection.HTTPConnection object at 0x7f0390ac1be0>: Failed to establish a new connection: [Errno 111] Connection refused'))
2025-06-22 14:11:01,333 - DAVBest - INFO - Testing path: bcdd26a53a33_test_file/. (Full URL: http://localhost:12345/testfiles/bcdd26a53a33_test_file)
2025-06-22 14:11:01,333 - DAVBest - INFO - Encoded base script for UUID payload (91 bytes) into 6 UUIDs for Unknown platform.
2025-06-22 14:11:01,333 - DAVBest - WARNING - UUID payload selected for platform 'Unknown', but no specific script wrapper (ASP/PHP). Defaulting to raw UUID list within a text file.
2025-06-22 14:11:01,334 - DAVBest - ERROR - Request error testing path bcdd26a53a33_test_file/..txt: HTTPConnectionPool(host='localhost', port=12345): Max retries exceeded with url: /testfiles/bcdd26a53a33_test_file/..txt (Caused by NewConnectionError('<urllib3.connection.HTTPConnection object at 0x7f0390ac2270>: Failed to establish a new connection: [Errno 111] Connection refused'))
2025-06-22 14:11:01,336 - DAVBest - INFO - Testing path: bcdd26a53a33_test_file/./ (Full URL: http://localhost:12345/testfiles/bcdd26a53a33_test_file)
2025-06-22 14:11:01,337 - DAVBest - INFO - Encoded base script for UUID payload (91 bytes) into 6 UUIDs for Unknown platform.
2025-06-22 14:11:01,337 - DAVBest - WARNING - UUID payload selected for platform 'Unknown', but no specific script wrapper (ASP/PHP). Defaulting to raw UUID list within a text file.
2025-06-22 14:11:01,338 - DAVBest - ERROR - Request error testing path bcdd26a53a33_test_file/./.txt: HTTPConnectionPool(host='localhost', port=12345): Max retries exceeded with url: /testfiles/bcdd26a53a33_test_file/.txt (Caused by NewConnectionError('<urllib3.connection.HTTPConnection object at 0x7f0390ac2ae0>: Failed to establish a new connection: [Errno 111] Connection refused'))
2025-06-22 14:11:01,340 - DAVBest - INFO - Testing path: bcdd26a53a33_test_file\ (Full URL: http://localhost:12345/testfiles/bcdd26a53a33_test_file\)
2025-06-22 14:11:01,340 - DAVBest - INFO - Encoded base script for UUID payload (90 bytes) into 6 UUIDs for Unknown platform.
2025-06-22 14:11:01,340 - DAVBest - WARNING - UUID payload selected for platform 'Unknown', but no specific script wrapper (ASP/PHP). Defaulting to raw UUID list within a text file.
2025-06-22 14:11:01,342 - DAVBest - ERROR - Request error testing path bcdd26a53a33_test_file\.txt: HTTPConnectionPool(host='localhost', port=12345): Max retries exceeded with url: /testfiles/bcdd26a53a33_test_file%5C.txt (Caused by NewConnectionError('<urllib3.connection.HTTPConnection object at 0x7f0390ac2c00>: Failed to establish a new connection: [Errno 111] Connection refused'))
2025-06-22 14:11:01,344 - DAVBest - INFO - Testing path: bcdd26a53a33_..\test_file (Full URL: http://localhost:12345/testfiles/bcdd26a53a33_..\test_file)
2025-06-22 14:11:01,344 - DAVBest - INFO - Encoded base script for UUID payload (91 bytes) into 6 UUIDs for Unknown platform.
2025-06-22 14:11:01,344 - DAVBest - WARNING - UUID payload selected for platform 'Unknown', but no specific script wrapper (ASP/PHP). Defaulting to raw UUID list within a text file.
2025-06-22 14:11:01,345 - DAVBest - ERROR - Request error testing path bcdd26a53a33_..\test_file.txt: HTTPConnectionPool(host='localhost', port=12345): Max retries exceeded with url: /testfiles/bcdd26a53a33_..%5Ctest_file.txt (Caused by NewConnectionError('<urllib3.connection.HTTPConnection object at 0x7f0390ac1c10>: Failed to establish a new connection: [Errno 111] Connection refused'))
2025-06-22 14:11:01,347 - DAVBest - INFO - Testing path: bcdd26a53a33_test․file (Full URL: http://localhost:12345/testfiles/bcdd26a53a33_test․file)
2025-06-22 14:11:01,348 - DAVBest - INFO - Encoded base script for UUID payload (91 bytes) into 6 UUIDs for Unknown platform.
2025-06-22 14:11:01,348 - DAVBest - WARNING - UUID payload selected for platform 'Unknown', but no specific script wrapper (ASP/PHP). Defaulting to raw UUID list within a text file.
2025-06-22 14:11:01,349 - DAVBest - ERROR - Request error testing path bcdd26a53a33_test․file.txt: HTTPConnectionPool(host='localhost', port=12345): Max retries exceeded with url: /testfiles/bcdd26a53a33_test%E2%80%A4file.txt (Caused by NewConnectionError('<urllib3.connection.HTTPConnection object at 0x7f0390ac2f60>: Failed to establish a new connection: [Errno 111] Connection refused'))
2025-06-22 14:11:01,351 - DAVBest - INFO - Testing path: bcdd26a53a33_test%5ffile (Full URL: http://localhost:12345/testfiles/bcdd26a53a33_test%5ffile)
2025-06-22 14:11:01,351 - DAVBest - INFO - Encoded base script for UUID payload (91 bytes) into 6 UUIDs for Unknown platform.
2025-06-22 14:11:01,351 - DAVBest - WARNING - UUID payload selected for platform 'Unknown', but no specific script wrapper (ASP/PHP). Defaulting to raw UUID list within a text file.
2025-06-22 14:11:01,353 - DAVBest - ERROR - Request error testing path bcdd26a53a33_test%5ffile.txt: HTTPConnectionPool(host='localhost', port=12345): Max retries exceeded with url: /testfiles/bcdd26a53a33_test_file.txt (Caused by NewConnectionError('<urllib3.connection.HTTPConnection object at 0x7f0390ac3350>: Failed to establish a new connection: [Errno 111] Connection refused'))
2025-06-22 14:11:01,355 - DAVBest - INFO - Testing path: bcdd26a53a33_test%20file (Full URL: http://localhost:12345/testfiles/bcdd26a53a33_test%20file)
2025-06-22 14:11:01,355 - DAVBest - INFO - Encoded base script for UUID payload (91 bytes) into 6 UUIDs for Unknown platform.
2025-06-22 14:11:01,355 - DAVBest - WARNING - UUID payload selected for platform 'Unknown', but no specific script wrapper (ASP/PHP). Defaulting to raw UUID list within a text file.
2025-06-22 14:11:01,356 - DAVBest - ERROR - Request error testing path bcdd26a53a33_test%20file.txt: HTTPConnectionPool(host='localhost', port=12345): Max retries exceeded with url: /testfiles/bcdd26a53a33_test%20file.txt (Caused by NewConnectionError('<urllib3.connection.HTTPConnection object at 0x7f0390ac3d10>: Failed to establish a new connection: [Errno 111] Connection refused'))
2025-06-22 17:53:23,317 - DAVBest - ERROR - Invalid UUID string encountered during decoding: not-a-uuid - badly formed hexadecimal UUID string
